
Showing logs for build [32mcb-kubecd-bdd-gh-1594893000-mas-pjhtm-1[0m stage [32mfrom-build-pack[0m and container [32mstep-credential-initializer-gt6bd[0m
{"level":"info","ts":1594893150.3990748,"logger":"fallback-logger","caller":"logging/config.go:69","msg":"Fetch GitHub commit ID from kodata failed: open /var/run/ko/refs/heads/0.8.0-ns-support: no such file or directory"}
{"level":"info","ts":1594893150.39993,"logger":"fallback-logger","caller":"creds-init/main.go:40","msg":"Credentials initialized."}

Showing logs for build [32mcb-kubecd-bdd-gh-1594893000-mas-pjhtm-1[0m stage [32mfrom-build-pack[0m and container [32mstep-working-dir-initializer-8lkxf[0m
{"level":"info","ts":1594893151.890222,"logger":"fallback-logger","caller":"logging/config.go:69","msg":"Fetch GitHub commit ID from kodata failed: open /var/run/ko/HEAD: no such file or directory"}
{"level":"info","ts":1594893151.8913608,"logger":"fallback-logger","caller":"bash/main.go:64","msg":"Successfully executed command \"sh -c mkdir -p /workspace/source\"; output "}

Showing logs for build [32mcb-kubecd-bdd-gh-1594893000-mas-pjhtm-1[0m stage [32mfrom-build-pack[0m and container [32mstep-place-tools[0m

Showing logs for build [32mcb-kubecd-bdd-gh-1594893000-mas-pjhtm-1[0m stage [32mfrom-build-pack[0m and container [32mstep-git-source-cb-kubecd-bdd-gh-1594893000-mas-pjhtm-zz8dp[0m
{"level":"info","ts":1594893265.0927124,"logger":"fallback-logger","caller":"logging/config.go:69","msg":"Fetch GitHub commit ID from kodata failed: open /var/run/ko/refs/heads/0.8.0-ns-support: no such file or directory"}
{"level":"info","ts":1594893266.3482172,"logger":"fallback-logger","caller":"git/git.go:103","msg":"Successfully cloned https://github.com/cb-kubecd/bdd-gh-1594893000.git @ v0.0.2 in path /workspace/source"}

Showing logs for build [32mcb-kubecd-bdd-gh-1594893000-mas-pjhtm-1[0m stage [32mfrom-build-pack[0m and container [32mstep-setup-builder-home[0m

Showing logs for build [32mcb-kubecd-bdd-gh-1594893000-mas-pjhtm-1[0m stage [32mfrom-build-pack[0m and container [32mstep-git-merge[0m
Using SHAs from PULL_REFS=master:
WARNING: no SHAs to merge, falling back to initial cloned commit

Showing logs for build [32mcb-kubecd-bdd-gh-1594893000-mas-pjhtm-1[0m stage [32mfrom-build-pack[0m and container [32mstep-setup-jx-git-credentials[0m
Generated Git credentials file /workspace/xdg_config/git/credentials

Showing logs for build [32mcb-kubecd-bdd-gh-1594893000-mas-pjhtm-1[0m stage [32mfrom-build-pack[0m and container [32mstep-build-make-build[0m
CGO_ENABLED=0 GO15VENDOREXPERIMENT=1 go build -ldflags '' -o bin/bdd-gh-1594893000 main.go

Showing logs for build [32mcb-kubecd-bdd-gh-1594893000-mas-pjhtm-1[0m stage [32mfrom-build-pack[0m and container [32mstep-build-container-build[0m
ERROR: logging before flag.Parse: E0716 09:54:31.601808      10 metadata.go:241] Failed to unmarshal scopes: json: cannot unmarshal string into Go value of type []string
[36mINFO[0m[0000] Resolved base name scratch to scratch        
[36mINFO[0m[0000] Using dockerignore file: /workspace/source/.dockerignore 
[36mINFO[0m[0000] Resolved base name scratch to scratch        
[36mINFO[0m[0000] Built cross stage deps: map[]                
[36mINFO[0m[0000] No base image, nothing to extract            
[36mINFO[0m[0000] cmd: EXPOSE                                  
[36mINFO[0m[0000] Adding exposed port: 8080/tcp                
[36mINFO[0m[0000] Checking for cached layer gcr.io/jenkins-x-labs-bdd/cache:9a5611e04ff04aa3c810380af8315a15f7d8d2e6f151b9c0854dea515a4e5264... 
[36mINFO[0m[0001] No cached layer found for cmd COPY ./bin/ /  
[36mINFO[0m[0001] Unpacking rootfs as cmd COPY ./bin/ / requires it. 
[36mINFO[0m[0001] Taking snapshot of full filesystem...        
[36mINFO[0m[0001] Resolving paths                              
[36mINFO[0m[0001] EXPOSE 8080                                  
[36mINFO[0m[0001] cmd: EXPOSE                                  
[36mINFO[0m[0001] Adding exposed port: 8080/tcp                
[36mINFO[0m[0001] No files changed in this command, skipping snapshotting. 
[36mINFO[0m[0001] ENTRYPOINT ["/bdd-gh-1594893000"]            
[36mINFO[0m[0001] No files changed in this command, skipping snapshotting. 
[36mINFO[0m[0001] COPY ./bin/ /                                
[36mINFO[0m[0001] Resolving paths                              
[36mINFO[0m[0001] Taking snapshot of files...                  
[36mINFO[0m[0001] Pushing layer gcr.io/jenkins-x-labs-bdd/cache:9a5611e04ff04aa3c810380af8315a15f7d8d2e6f151b9c0854dea515a4e5264 to cache now 

Showing logs for build [32mcb-kubecd-bdd-gh-1594893000-mas-pjhtm-1[0m stage [32mfrom-build-pack[0m and container [32mstep-promote-changelog[0m
Converted /workspace/source/charts/bdd-gh-1594893000 to an unshallow repository
Generating change log from git ref d1af3a6224c59157385617d4a77a5046ba3b295d => f9596ff92a7604a4f6a5aba785be1fec3a6ceaf6
Associating user x-0 in users.jenkins.io with email jenkins-x@googlegroups.com to git GitProvider user with login -0 as emails match
Adding label jenkins.io/git-github-userid=-0 to user x-0 in users.jenkins.io
WARNING: Failed to enrich commit d6bea73dc16246d7d22c6718c8471da358ea0bbc with issues: User.jenkins.io "x-0" is invalid: metadata.labels: Invalid value: "-0": a valid label must be an empty string or consist of alphanumeric characters, '-', '_' or '.', and must start and end with an alphanumeric character (e.g. 'MyValue',  or 'my_value',  or '12345', regex used for validation is '(([A-Za-z0-9][-A-Za-z0-9_.]*)?[A-Za-z0-9])?')
Finding issues in commit messages using git format
WARNING: No release found for cb-kubecd/bdd-gh-1594893000 and tag v0.0.2 so creating a new release
Updated the release information at https://github.com/cb-kubecd/bdd-gh-1594893000/releases/tag/v0.0.2
generated: /workspace/source/charts/bdd-gh-1594893000/templates/release.yaml
Created Release bdd-gh-1594893000-0-0-2 resource in namespace **
Updating PipelineActivity cb-kubecd-bdd-gh-1594893000-master-1 with version 0.0.2
Updated PipelineActivities cb-kubecd-bdd-gh-1594893000-master-1 with release notes URL: https://github.com/cb-kubecd/bdd-gh-1594893000/releases/tag/v0.0.2

Showing logs for build [32mcb-kubecd-bdd-gh-1594893000-mas-pjhtm-1[0m stage [32mfrom-build-pack[0m and container [32mstep-promote-helm-release[0m
WARNING: No $CHART_REPOSITORY defined so using the default value of: http://jenkins-x-chartmuseum:8080
Adding missing Helm repo: storage.googleapis.com https://storage.googleapis.com/chartmuseum.jenkins-x.io
Successfully added Helm repository storage.googleapis.com.
Adding missing Helm repo: jenkins-x-chartmuseum http://jenkins-x-chartmuseum:8080
Successfully added Helm repository jenkins-x-chartmuseum.
WARNING: No $CHART_REPOSITORY defined so using the default value of: http://jenkins-x-chartmuseum:8080
Uploading chart file bdd-gh-1594893000-0.0.2.tgz to http://jenkins-x-chartmuseum:8080/api/charts
Received 201 response: {"saved":true}

Showing logs for build [32mcb-kubecd-bdd-gh-1594893000-mas-pjhtm-1[0m stage [32mfrom-build-pack[0m and container [32mstep-promote-jx-promote[0m
defaulting to the version 0.0.2 from $VERSION
loading version stream URL https://github.com/jenkins-x/**r-versions.git ref 65dab455f6f3883b90fccec7b5f5107394657ed9
checking out ref 65dab455f6f3883b90fccec7b5f5107394657ed9
running command: git config --global credential.helper store
WARNING: prow based install so skip waiting for the merge of Pull Requests to go green as currently there is an issue with gettingstatuses from the PR, see https://github.com/jenkins-x/**/issues/2410
Promoting app bdd-gh-1594893000 version 0.0.2 to namespace **-staging
running command: git clone https://github.com/cb-kubecd/env-pr-975-1-bdd-gke-dev.git **-promote-429372064
Cloning into '**-promote-429372064'...
cloned https://github.com/cb-kubecd/env-pr-975-1-bdd-gke-dev.git to /tmp/**-promote-429372064
created Pull Request https://github.com/cb-kubecd/env-pr-975-1-bdd-gke-dev/pull/2 from dir /tmp/**-promote-429372064
WARNING: Failed to query the Pull Request last commit status for https://github.com/cb-kubecd/env-pr-975-1-bdd-gke-dev/pull/2.diff ref 4d4c9fb132c825bcc91c8a7b9f1f49616d81d8b2 no commit statuses returned for repository cb-kubecd/env-pr-975-1-bdd-gke-dev for PR last commit status of 4d4c9fb132c825bcc91c8a7b9f1f49616d81d8b2
The build for the Pull Request last commit is currently in progress.
The build for the Pull Request last commit is currently in progress.
The build for the Pull Request last commit is currently in progress.
The build for the Pull Request last commit is currently in progress.
The build for the Pull Request last commit is currently in progress.
The build for the Pull Request last commit is currently in progress.
WARNING: Failed to query the Pull Request last commit status for https://github.com/cb-kubecd/env-pr-975-1-bdd-gke-dev/pull/2.diff ref bd2a6c4c3901b8dc01cfc641063791d6b85b3686 no commit statuses returned for repository cb-kubecd/env-pr-975-1-bdd-gke-dev for PR last commit status of bd2a6c4c3901b8dc01cfc641063791d6b85b3686
Rebasing PullRequest due to conflict
running command: git clone https://github.com/cb-kubecd/env-pr-975-1-bdd-gke-dev.git **-promote-999980754
Cloning into '**-promote-999980754'...
cloned https://github.com/cb-kubecd/env-pr-975-1-bdd-gke-dev.git to /tmp/**-promote-999980754
The build for the Pull Request last commit is currently in progress.
The build for the Pull Request last commit is currently in progress.
The build for the Pull Request last commit is currently in progress.
The build for the Pull Request last commit is currently in progress.
Pull Request https://github.com/cb-kubecd/env-pr-975-1-bdd-gke-dev/pull/2.diff is merged at sha 9d061cf1ccc48e258ae6963cabf6c8e766117121
Pull Request merged but we are not waiting for the update pipeline to complete!
